nohup: ignoring input
2026-06-12 13:22:49,534 | INFO | ======================================================================
2026-06-12 13:22:49,535 | INFO | ST-GCN Multi-View LATE FUSION Regression | BZU Physiotherapy Dataset
2026-06-12 13:22:49,535 | INFO | Cameras : [0, 1, 2]  |  Epochs : 300  |  Patience : 100
2026-06-12 13:22:49,535 | INFO | Late Fusion Mode : weighted
2026-06-12 13:22:49,536 | INFO | Log file : /mvdlph/masa/GCN_MultiView_LateFusion_Results/run_2026_06_12_13_22_49/logs/training_20260612_132249.log
2026-06-12 13:22:49,536 | INFO | ======================================================================
train_stgcn_server.py:602: RuntimeWarning: divide by zero encountered in power
  d_inv_sq = np.where(row_sum > 0, np.power(row_sum, -0.5), 0.0)
train_stgcn_server.py:602: RuntimeWarning: divide by zero encountered in power
  d_inv_sq = np.where(row_sum > 0, np.power(row_sum, -0.5), 0.0)
2026-06-12 13:23:21,543 | INFO | ======================================================================
2026-06-12 13:23:21,544 | INFO | STARTING LATE-FUSION REGRESSION TRAINING
2026-06-12 13:23:21,544 | INFO | ======================================================================
2026-06-12 13:23:21,544 | INFO | train=316 val=101 test=107 (multi-view samples, 3 cameras — late fusion)
2026-06-12 13:23:21,544 | INFO | LATE_FUSION_MODE=weighted  AUX_LOSS_WEIGHT=0.3
✓ Configuration loaded  (LATE FUSION)
  DATASET_DIR      : /mvdlph/Dataset_CVDLPT_Videos_Segments_P0P15_MMPose_human3d_motionbert_H36M_3D_1_2026
  SPLIT_DIR        : /mvdlph/Dataset_CVDLPT_Videos_Segments_P0P15_MMPose_human3d_motionbert_H36M_3D_1_2026/by_person
  NPZ_KEY          : keypoints_3d
  CAMERAS          : [0, 1, 2]
  LATE_FUSION_MODE : weighted
  EXISTS           : True
  SPLIT EXISTS     : True
  PATIENCE         : 100 epochs
✓ Run directory created: /mvdlph/masa/GCN_MultiView_LateFusion_Results/run_2026_06_12_13_22_49
✓ Global seed fixed to 42
Total NPZ files found : 15375
First file keys: ['keypoints_3d', 'fps', 'video_shape', 'video_name']
  'keypoints_3d'       → shape (52, 17, 3)  dtype float32
  'fps'                → shape ()  dtype int64
  'video_shape'        → shape (2,)  dtype int64
  'video_name'         → shape ()  dtype <U17
✓ CSV loaded with encoding: utf-8

Columns : ['exercise', 'person', 'trial', 'camera', 'num_experts', 'mean', 'std']
Shape   : (531, 7)
✓ stdout → also writing to /mvdlph/masa/GCN_MultiView_LateFusion_Results/run_2026_06_12_13_22_49/logs/training_20260612_132249.log
✓ parse_filename and load_skeleton defined

[TRAIN] NPZ files found : 9477
  Samples (all cams): 9477
  Unique trial keys : 327

[VALID] NPZ files found : 2790
  Samples (all cams): 2790
  Unique trial keys : 100

[TEST] NPZ files found : 3108
  Samples (all cams): 3108
  Unique trial keys : 107

Building multi-view index...
  [TRAIN] ⚠️  Skipped 283 sample_keys with incomplete camera coverage
  [TRAIN] Multi-view samples : 3003
  [TRAIN] Quality mean±std   : 4.111 ± 0.816
  [VALID] ⚠️  Skipped 126 sample_keys with incomplete camera coverage
  [VALID] Multi-view samples : 866
  [VALID] Quality mean±std   : 4.219 ± 0.751
  [TEST] ⚠️  Skipped 22 sample_keys with incomplete camera coverage
  [TEST] Multi-view samples : 1024
  [TEST] Quality mean±std   : 4.033 ± 0.777

Checking for corrupted files...
  [TRAIN] Removing 1 corrupted sample(s)
  [TRAIN] Clean samples : 3002
  [VALID] Clean samples : 866
  [TEST] Removing 2 corrupted sample(s)
  [TEST] Clean samples : 1022

Excluding exercises...
  [TRAIN] Excluded E[0, 2, 3, 4, 5, 6, 7, 8, 9] → 2686 rows dropped, 316 remain
  [VALID] Excluded E[0, 2, 3, 4, 5, 6, 7, 8, 9] → 765 rows dropped, 101 remain
  [TEST] Excluded E[0, 2, 3, 4, 5, 6, 7, 8, 9] → 915 rows dropped, 107 remain

  Exercise ID remap : {1: 1}

✓ No data-leakage detected across splits

══════════════════════════════════════════════════════════════════════
  Split     Samples   Correct   Erroneous   Q mean   Q std   Q min   Q max
  ────────────────────────────────────────────────────────────────────
  Train         316       204         112    3.977   0.884   2.020   5.000
  Val           101        68          33    4.131   0.755   2.850   4.940
  Test          107        68          39    4.192   0.832   2.660   5.000
══════════════════════════════════════════════════════════════════════

✓ Multi-view index ready  →  train / val / test DataFrames built
✓ Skeleton visualisation helpers defined
✓ BZUMultiViewDataset defined  (Late Fusion — 3 separate (T,J,6) tensors per sample)
✓ late_fusion_collate defined

✓ Late-Fusion ST-GCN sanity check passed
  fused shape      : torch.Size([2])
  cam_scores shape : torch.Size([2, 3])
✓ Total trainable parameters: 9,207,099
✓ STGCN_LateFusion defined  (3 × STGCNCameraHead → scores → LateFusionAggregator[weighted] → score)
Device : cuda
GPU    : Tesla V100-PCIE-32GB
✓ centre_and_scale_multiview (per-camera) and run_epoch defined
✓ AUX_LOSS_WEIGHT = 0.3  (each camera head also supervised directly)
=================================================================
Quality score distribution audit
=================================================================
Train  Correct (T≤2)     n= 204  mean=4.529  std=0.375  [3.70, 5.00]
Train  Erroneous (T≥3)   n= 112  mean=2.972  std=0.620  [2.02, 4.00]

Val    Correct (T≤2)     n=  68  mean=4.600  std=0.329  [4.06, 4.94]
Val    Erroneous (T≥3)   n=  33  mean=3.164  std=0.350  [2.85, 3.72]

Test   Correct (T≤2)     n=  68  mean=4.795  std=0.187  [4.38, 5.00]
Test   Erroneous (T≥3)   n=  39  mean=3.142  std=0.298  [2.66, 3.48]

Person distribution:
  Train: ['P0', 'P10', 'P14', 'P15', 'P2', 'P3', 'P4', 'P5', 'P7']
  Val: ['P1', 'P11', 'P6']
  Test: ['P12', 'P8', 'P9']
✓ Plotting helpers defined  (includes per-camera diagnostic plots)
✓ EarlyStopping defined

══════════════════════════════════════════════════════════════════════
  Late Fusion  |  Mode: weighted  |  Cameras: [0, 1, 2]
  Aux loss weight: 0.3  (per-camera supervision)
  Train: 316  Val: 101  Test: 107
  Patience: 100  |  LR: 0.0001  |  Batch: 32
══════════════════════════════════════════════════════════════════════
Traceback (most recent call last):
  File "train_stgcn_server.py", line 1332, in <module>
    tr = run_epoch(model, train_loader, reg_fn, is_train=True,  optimiser=optimiser)
  File "train_stgcn_server.py", line 951, in run_epoch
    fused_scores, cam_scores = model(cam_skels, exercise_ids)
  File "/usr/local/lib/python3.8/dist-packages/torch/nn/modules/module.py", line 1194, in _call_impl
    return forward_call(*input, **kwargs)
  File "train_stgcn_server.py", line 864, in forward
    score = self.camera_heads[i](skel, exercise_id)
  File "/usr/local/lib/python3.8/dist-packages/torch/nn/modules/module.py", line 1194, in _call_impl
    return forward_call(*input, **kwargs)
  File "train_stgcn_server.py", line 744, in forward
    x = block(x, self.A)
  File "/usr/local/lib/python3.8/dist-packages/torch/nn/modules/module.py", line 1194, in _call_impl
    return forward_call(*input, **kwargs)
  File "train_stgcn_server.py", line 657, in forward
    x   = self.temporal(x)
  File "/usr/local/lib/python3.8/dist-packages/torch/nn/modules/module.py", line 1194, in _call_impl
    return forward_call(*input, **kwargs)
  File "/usr/local/lib/python3.8/dist-packages/torch/nn/modules/container.py", line 204, in forward
    input = module(input)
  File "/usr/local/lib/python3.8/dist-packages/torch/nn/modules/module.py", line 1194, in _call_impl
    return forward_call(*input, **kwargs)
  File "/usr/local/lib/python3.8/dist-packages/torch/nn/modules/conv.py", line 463, in forward
    return self._conv_forward(input, self.weight, self.bias)
  File "/usr/local/lib/python3.8/dist-packages/torch/nn/modules/conv.py", line 459, in _conv_forward
    return F.conv2d(input, weight, bias, self.stride,
RuntimeError: cuDNN error: CUDNN_STATUS_MAPPING_ERROR
